<?xml version="1.0" encoding="UTF-8"?>
<testng-results total="1" passed="1" failed="0" skipped="0">
  <reporter-output>
  </reporter-output>
  <suite started-at="2024-06-27T18:48:48Z" name="Default suite" finished-at="2024-06-27T18:49:19Z" duration-ms="30425">
    <groups>
    </groups>
    <test started-at="2024-06-27T18:48:48Z" name="Default test" finished-at="2024-06-27T18:49:19Z" duration-ms="30425">
      <class name="testCases.VerifyNewRegistration">
        <test-method is-config="true" signature="TestSetup()[pri:0, instance:testCases.VerifyNewRegistration@6293abcc]" started-at="2024-06-27T14:48:48Z" name="TestSetup" finished-at="2024-06-27T14:49:05Z" duration-ms="17106" status="PASS">
          <reporter-output>
          </reporter-output>
        </test-method> <!-- TestSetup -->
        <test-method signature="TestRegistration()[pri:0, instance:testCases.VerifyNewRegistration@6293abcc]" started-at="2024-06-27T14:49:05Z" name="TestRegistration" finished-at="2024-06-27T14:49:15Z" duration-ms="10052" status="PASS">
          <reporter-output>
          </reporter-output>
        </test-method> <!-- TestRegistration -->
        <test-method is-config="true" signature="CloseBrowser()[pri:0, instance:testCases.VerifyNewRegistration@6293abcc]" started-at="2024-06-27T14:49:15Z" name="CloseBrowser" finished-at="2024-06-27T14:49:19Z" duration-ms="3227" status="PASS">
          <reporter-output>
          </reporter-output>
        </test-method> <!-- CloseBrowser -->
      </class> <!-- testCases.VerifyNewRegistration -->
    </test> <!-- Default test -->
  </suite> <!-- Default suite -->
</testng-results>
